22:12:39 INFO  : Registering command handlers for SDK TCF services
22:12:39 INFO  : Launching XSCT server: xsct.bat -interactive C:\Users\F\Desktop\ebaz4205\ebaz4205.sdk\temp_xsdb_launch_script.tcl
22:12:41 INFO  : XSCT server has started successfully.
22:12:42 INFO  : Successfully done setting XSCT server connection channel  
22:12:42 INFO  : Successfully done setting SDK workspace  
22:12:42 INFO  : Processing command line option -hwspec C:/Users/F/Desktop/ebaz4205/ebaz4205.sdk/system_wrapper.hdf.
22:17:13 INFO  : Invoking Bootgen: bootgen -image output.bif -arch zynq -o C:\Users\F\Desktop\ebaz4205\boot\BOOT.bin
22:17:13 INFO  : Creating new bif file C:\Users\F\Desktop\ebaz4205\boot\output.bif
22:17:14 INFO  : Bootgen command execution is done.
22:34:49 INFO  : Invoking Bootgen: bootgen -image output.bif -arch zynq -o C:\Users\F\Desktop\ebaz4205\boot\BOOT.bin -w on
22:34:49 INFO  : Overwriting existing bif file C:\Users\F\Desktop\ebaz4205\boot\output.bif
22:34:50 INFO  : Bootgen command execution is done.
22:42:20 INFO  : Invoking Bootgen: bootgen -image output.bif -arch zynq -o C:\Users\F\Desktop\ebaz4205\boot\BOOT.bin -w on
22:42:21 INFO  : Bootgen command execution is done.
22:48:56 INFO  : Invoking Bootgen: bootgen -image output.bif -arch zynq -o C:\Users\F\Desktop\ebaz4205\boot\BOOT.bin -w on
22:48:57 INFO  : Bootgen command execution is done.
23:08:12 INFO  : Invoking Bootgen: bootgen -image output.bif -arch zynq -o C:\Users\F\Desktop\ebaz4205\boot\BOOT.bin -w on
23:08:13 INFO  : Bootgen command execution is done.
23:13:17 INFO  : Invoking Bootgen: bootgen -image output.bif -arch zynq -o C:\Users\F\Desktop\ebaz4205\boot\BOOT.bin -w on
23:13:18 INFO  : Bootgen command execution is done.
23:16:58 INFO  : Saving repository preferences.
23:16:58 INFO  : Reading in cores from local repositories: 
		 D:\word\zynq\device-tree-xlnx-xilinx-v2018.3
23:16:58 INFO  : Cleaning BSP projects in the workspace.
23:45:14 INFO  : SDK has detected change in the last modified timestamps for source hardware specification file Source:1612799099004,  Project:1612533285388
23:45:14 INFO  : Project system_wrapper_hw_platform_0's source hardware specification located at C:/Users/F/Desktop/ebaz4205/ebaz4205.sdk/system_wrapper.hdf is now different from the local copy.
		 The local copy will be replaced with the source specification and your workspace will be updated.
23:45:16 INFO  : Copied contents of C:/Users/F/Desktop/ebaz4205/ebaz4205.sdk/system_wrapper.hdf into \system_wrapper_hw_platform_0\system.hdf.
23:45:23 INFO  : Synchronizing projects in the workspace with the hardware platform specification changes.
23:45:26 INFO  : 
23:45:31 INFO  : 
23:45:32 INFO  : Updating hardware inferred compiler options for fsbl.
23:45:39 INFO  : Clearing existing target manager status.
23:45:39 WARN  : Given IPC port value is invalid. Using default port 2350
23:45:39 WARN  : Given XMD timeout value is invalid. Using default value of 50000
23:45:41 WARN  : Given XMD transaction timeout value is invalid. Using default value of 60000 milli seconds
23:45:41 INFO  : Closing and re-opening the MSS file of ther project fsbl_bsp
23:45:44 INFO  : Closing and re-opening the MSS file of ther project device_tree_bsp_0
23:45:47 INFO  : Closing and re-opening the MSS file of ther project device_tree_bsp_0
23:45:48 INFO  : Workspace synchronized with the new hardware specification file. Cleaning dependent projects...
23:45:50 WARN  : Linker script will not be updated automatically. Users need to update it manually.
23:56:33 INFO  : Invoking Bootgen: bootgen -image output.bif -arch zynq -o C:\Users\F\Desktop\ebaz4205\boot\BOOT.bin -w on
23:56:33 INFO  : Overwriting existing bif file C:\Users\F\Desktop\ebaz4205\boot\output.bif
23:56:35 INFO  : Bootgen command execution is done.
22:48:09 ERROR : Unexpected error while parsing XMD response ?: com.google.gson.JsonSyntaxException: com.google.gson.stream.MalformedJsonException: invalid number or unquoted string near 
22:48:43 INFO  : Launching XSCT server: xsct.bat -interactive C:\Users\F\Desktop\ebaz4205\ebaz4205.sdk\temp_xsdb_launch_script.tcl
22:48:45 INFO  : XSCT server has started successfully.
22:48:45 INFO  : Successfully done setting XSCT server connection channel  
22:48:46 INFO  : Successfully done setting SDK workspace  
22:48:46 INFO  : Restoring local repository preferences: 
		 D:\word\zynq\device-tree-xlnx-xilinx-v2018.3
22:48:50 INFO  : Registering command handlers for SDK TCF services
22:48:50 INFO  : Processing command line option -hwspec C:/Users/F/Desktop/ebaz4205/ebaz4205.sdk/system_wrapper.hdf.
22:48:51 INFO  : Checking for hwspec changes in the project system_wrapper_hw_platform_0.
22:48:53 INFO  : BSP Project P/device_tree_bsp_0 has been successfully migrated.
23:31:46 INFO  : SDK has detected change in the last modified timestamps for source hardware specification file Source:1613575885243,  Project:1612799099004
23:31:46 INFO  : Project system_wrapper_hw_platform_0's source hardware specification located at C:/Users/F/Desktop/ebaz4205/ebaz4205.sdk/system_wrapper.hdf is now different from the local copy.
		 The local copy will be replaced with the source specification and your workspace will be updated.
23:31:48 INFO  : Copied contents of C:/Users/F/Desktop/ebaz4205/ebaz4205.sdk/system_wrapper.hdf into \system_wrapper_hw_platform_0\system.hdf.
23:31:54 INFO  : Synchronizing projects in the workspace with the hardware platform specification changes.
23:31:57 INFO  : 
23:31:58 INFO  : 
23:31:59 INFO  : Updating hardware inferred compiler options for fsbl.
23:31:59 INFO  : Clearing existing target manager status.
23:31:59 WARN  : Given IPC port value is invalid. Using default port 2350
23:31:59 WARN  : Given XMD timeout value is invalid. Using default value of 50000
23:32:01 WARN  : Given XMD transaction timeout value is invalid. Using default value of 60000 milli seconds
00:39:04 INFO  : Invoking Bootgen: bootgen -image output.bif -arch zynq -o C:\Users\F\Desktop\ebaz4205\boot\BOOT.bin -w on
00:39:05 INFO  : Bootgen command execution is done.
00:46:41 ERROR : Unexpected error while parsing XMD response ?: com.google.gson.JsonSyntaxException: com.google.gson.stream.MalformedJsonException: invalid number or unquoted string near 
